d:\develop\projects\cspbridge\cspbridgebase\cspbridgebase\x64\debug\vc145.pdb
d:\develop\projects\cspbridge\cspbridgebase\cspbridgebase\x64\debug\vc145.idb
d:\develop\projects\cspbridge\cspbridgebase\cspbridgebase\x64\debug\dllmain.obj
d:\develop\projects\cspbridge\cspbridgebase\cspbridgebase\x64\debug\cspbridgebase.pch
d:\develop\projects\cspbridge\cspbridgebase\cspbridgebase\x64\debug\pch.obj
d:\develop\projects\cspbridge\cspbridgebase\cspbridgebase\x64\debug\bridgecallback.obj
d:\develop\projects\cspbridge\cspbridgebase\cspbridgebase\x64\debug\bridgebase.obj
d:\develop\projects\cspbridge\cspbridgebase\x64\debug\cspbridgebase.dll
d:\develop\projects\cspbridge\cspbridgebase\x64\debug\cspbridgebase.pdb
d:\develop\projects\cspbridge\cspbridgebase\cspbridgebase\x64\debug\cspbridgebase.res
d:\develop\projects\cspbridge\cspbridgebase\x64\debug\cspbridgebase.lib
d:\develop\projects\cspbridge\cspbridgebase\x64\debug\cspbridgebase.exp
d:\develop\projects\cspbridge\cspbridgebase\cspbridgebase\x64\debug\cspbridgebase.ilk
d:\develop\projects\cspbridge\cspbridgebase\cspbridgebase\x64\debug\cspbridgebase.tlog\cl.command.1.tlog
d:\develop\projects\cspbridge\cspbridgebase\cspbridgebase\x64\debug\cspbridgebase.tlog\cl.items.tlog
d:\develop\projects\cspbridge\cspbridgebase\cspbridgebase\x64\debug\cspbridgebase.tlog\cl.read.1.tlog
d:\develop\projects\cspbridge\cspbridgebase\cspbridgebase\x64\debug\cspbridgebase.tlog\cl.write.1.tlog
d:\develop\projects\cspbridge\cspbridgebase\cspbridgebase\x64\debug\cspbridgebase.tlog\link.command.1.tlog
d:\develop\projects\cspbridge\cspbridgebase\cspbridgebase\x64\debug\cspbridgebase.tlog\link.read.1.tlog
d:\develop\projects\cspbridge\cspbridgebase\cspbridgebase\x64\debug\cspbridgebase.tlog\link.secondary.1.tlog
d:\develop\projects\cspbridge\cspbridgebase\cspbridgebase\x64\debug\cspbridgebase.tlog\link.write.1.tlog
d:\develop\projects\cspbridge\cspbridgebase\cspbridgebase\x64\debug\cspbridgebase.tlog\rc.command.1.tlog
d:\develop\projects\cspbridge\cspbridgebase\cspbridgebase\x64\debug\cspbridgebase.tlog\rc.read.1.tlog
d:\develop\projects\cspbridge\cspbridgebase\cspbridgebase\x64\debug\cspbridgebase.tlog\rc.write.1.tlog
